<?xml version="1.0" encoding="UTF-8"?>
<!-- Generated by org.testng.reporters.JUnitReportReporter -->
<testsuite hostname="MacbookProM2" failures="0" tests="1" name="polyhcm.TestVatCaculator" time="0.016" errors="0" timestamp="20 Mar 2024 10:09:00 GMT" skipped="0">
  <testcase classname="polyhcm.TestVatCaculator" name="testGetVatCaculator" time="0.016"/>
</testsuite> <!-- polyhcm.TestVatCaculator -->
