<?xml version="1.0" encoding="UTF-8"?>
<!-- Generated by org.testng.reporters.JUnitReportReporter -->
<testsuite hostname="NguyenDung" failures="0" tests="1" name="TestNG.TestUpdate" time="8.201" errors="0" timestamp="2023-12-07T12:55:50 ICT" skipped="0">
  <testcase classname="TestNG.TestUpdate" name="UpdateTest" time="8.201"/>
</testsuite> <!-- TestNG.TestUpdate -->
