<?xml version="1.0" encoding="UTF-8"?>
<!-- Generated by org.testng.reporters.JUnitReportReporter -->
<testsuite hostname="NguyenDung" failures="0" tests="1" name="TestNG.TestLogin" time="5.678" errors="0" timestamp="2023-12-07T12:55:50 ICT" skipped="0">
  <testcase classname="TestNG.TestLogin" name="LoginTest" time="5.678"/>
</testsuite> <!-- TestNG.TestLogin -->
