<?xml version="1.0" encoding="UTF-8"?>
<!-- Generated by org.testng.reporters.JUnitReportReporter -->
<testsuite hostname="NguyenDung" failures="0" tests="1" name="TestNG.TestDelete" time="7.682" errors="0" timestamp="2023-12-07T12:55:50 ICT" skipped="0">
  <testcase classname="TestNG.TestDelete" name="deleteTest" time="7.682"/>
</testsuite> <!-- TestNG.TestDelete -->
