<?xml version="1.0" encoding="UTF-8"?>
<!-- Generated by org.testng.reporters.JUnitReportReporter -->
<testsuite hostname="NguyenDung" failures="0" tests="2" name="TestNG.TestFromExcel" time="16.759" errors="0" timestamp="2023-12-07T11:49:09 ICT" skipped="0">
  <testcase classname="TestNG.TestFromExcel" name="UpdateTest" time="8.713"/>
  <testcase classname="TestNG.TestFromExcel" name="InsertTest" time="8.046"/>
</testsuite> <!-- TestNG.TestFromExcel -->
