<?xml version="1.0" encoding="UTF-8"?>
<!-- Generated by org.testng.reporters.JUnitReportReporter -->
<testsuite hostname="MacbookProM2" failures="0" tests="1" name="firsttestngpackage.FirtsTestNGFile" time="0.015" errors="0" timestamp="2024-03-20T17:00:12 ICT" skipped="0">
  <testcase classname="firsttestngpackage.FirtsTestNGFile" name="testcase1" time="0.015"/>
  <system-out/>
</testsuite> <!-- firsttestngpackage.FirtsTestNGFile -->
