<?xml version="1.0" encoding="UTF-8"?>
<!-- Generated by org.testng.reporters.JUnitReportReporter -->
<testsuite hostname="MacbookProM2" failures="0" tests="2" name="demo.ToanHocTest" time="0.014" errors="0" timestamp="2024-03-18T16:48:42 ICT" skipped="0">
  <testcase classname="demo.ToanHocTest" name="CongTest" time="0.013"/>
  <system-out/>
  <testcase classname="demo.ToanHocTest" name="TruTest" time="0.001"/>
  <system-out/>
</testsuite> <!-- demo.ToanHocTest -->
