<?xml version="1.0" encoding="UTF-8"?>
<!-- Generated by org.testng.reporters.JUnitReportReporter -->
<testsuite hostname="MacbookProM2" failures="0" tests="1" name="TestKhachHang.TestKH_001" time="0.302" errors="0" timestamp="2024-03-25T09:05:40 ICT" skipped="0">
  <testcase classname="TestKhachHang.TestKH_001" name="TestShowKH" time="0.302"/>
  <system-out/>
</testsuite> <!-- TestKhachHang.TestKH_001 -->
